  [1m[35m (1161.3ms)[0m  [1m[35mCREATE DATABASE "goals_app_api_development" ENCODING = 'unicode'[0m
  [1m[35m (946.8ms)[0m  [1m[35mCREATE DATABASE "goals_app_api_test" ENCODING = 'unicode'[0m
  [1m[35m (90.1ms)[0m  [1m[35mCREATE TABLE "schema_migrations" ("version" character varying NOT NULL PRIMARY KEY)[0m
  [1m[35m (83.2ms)[0m  [1m[35mCREATE TABLE "ar_internal_metadata" ("key" character varying NOT NULL PRIMARY KEY, "value" character varying, "created_at" timestamp(6) NOT NULL, "updated_at" timestamp(6) NOT NULL)[0m
  [1m[35m (11.5ms)[0m  [1m[34mSELECT pg_try_advisory_lock(8713656765975169890)[0m
  [1m[35m (0.7ms)[0m  [1m[34mSELECT "schema_migrations"."version" FROM "schema_migrations" ORDER BY "schema_migrations"."version" ASC[0m
Migrating to CreateUsers (20200115042053)
  [1m[35m (0.3ms)[0m  [1m[35mBEGIN[0m
  [1m[35m (79.2ms)[0m  [1m[35mCREATE TABLE "users" ("id" bigserial primary key, "username" character varying, "email" character varying, "password_digest" character varying, "created_at" timestamp(6) NOT NULL, "updated_at" timestamp(6) NOT NULL)[0m
  [1m[36mprimary::SchemaMigration Create (1.0ms)[0m  [1m[32mINSERT INTO "schema_migrations" ("version") VALUES ($1) RETURNING "version"[0m  [["version", "20200115042053"]]
  [1m[35m (11.7ms)[0m  [1m[35mCOMMIT[0m
Migrating to CreateGoals (20200115043957)
  [1m[35m (0.6ms)[0m  [1m[34mSELECT pg_advisory_unlock(8713656765975169890)[0m
  [1m[35m (0.3ms)[0m  [1m[34mSELECT pg_try_advisory_lock(8713656765975169890)[0m
  [1m[35m (0.8ms)[0m  [1m[34mSELECT "schema_migrations"."version" FROM "schema_migrations" ORDER BY "schema_migrations"."version" ASC[0m
Migrating to CreateGoals (20200115043957)
  [1m[35m (0.2ms)[0m  [1m[35mBEGIN[0m
  [1m[35m (115.8ms)[0m  [1m[35mCREATE TABLE "goals" ("id" bigserial primary key, "goal_name" character varying, "deadline" date, "importance" integer, "completed" boolean, "metric" character varying, "user_id" integer, "created_at" timestamp(6) NOT NULL, "updated_at" timestamp(6) NOT NULL)[0m
  [1m[36mprimary::SchemaMigration Create (0.7ms)[0m  [1m[32mINSERT INTO "schema_migrations" ("version") VALUES ($1) RETURNING "version"[0m  [["version", "20200115043957"]]
  [1m[35m (12.7ms)[0m  [1m[35mCOMMIT[0m
Migrating to CreateSteps (20200115044815)
  [1m[35m (0.4ms)[0m  [1m[35mBEGIN[0m
  [1m[35m (71.3ms)[0m  [1m[35mCREATE TABLE "steps" ("id" bigserial primary key, "step_name" character varying, "goal_id" integer, "minutes_to_complete" integer, "completed" boolean, "desciption" character varying, "created_at" timestamp(6) NOT NULL, "updated_at" timestamp(6) NOT NULL)[0m
  [1m[36mprimary::SchemaMigration Create (0.7ms)[0m  [1m[32mINSERT INTO "schema_migrations" ("version") VALUES ($1) RETURNING "version"[0m  [["version", "20200115044815"]]
  [1m[35m (16.4ms)[0m  [1m[35mCOMMIT[0m
  [1m[36mActiveRecord::InternalMetadata Load (0.8ms)[0m  [1m[34mSELECT "ar_internal_metadata".* FROM "ar_internal_metadata" WHERE "ar_internal_metadata"."key" = $1 LIMIT $2[0m  [["key", "environment"], ["LIMIT", 1]]
  [1m[35m (0.2ms)[0m  [1m[35mBEGIN[0m
  [1m[36mActiveRecord::InternalMetadata Create (0.6ms)[0m  [1m[32mINSERT INTO "ar_internal_metadata" ("key", "value", "created_at", "updated_at") VALUES ($1, $2, $3, $4) RETURNING "key"[0m  [["key", "environment"], ["value", "development"], ["created_at", "2020-01-15 04:50:17.742407"], ["updated_at", "2020-01-15 04:50:17.742407"]]
  [1m[35m (9.2ms)[0m  [1m[35mCOMMIT[0m
  [1m[35m (0.4ms)[0m  [1m[34mSELECT pg_advisory_unlock(8713656765975169890)[0m
  [1m[35m (1.3ms)[0m  [1m[34mSELECT "schema_migrations"."version" FROM "schema_migrations" ORDER BY "schema_migrations"."version" ASC[0m
  [1m[36mGoal Load (0.6ms)[0m  [1m[34mSELECT "goals".* FROM "goals" LIMIT $1[0m  [["LIMIT", 11]]
  [1m[36mUser Load (1.1ms)[0m  [1m[34mSELECT "users".* FROM "users" LIMIT $1[0m  [["LIMIT", 11]]
  [1m[36mStep Load (0.9ms)[0m  [1m[34mSELECT "steps".* FROM "steps" LIMIT $1[0m  [["LIMIT", 11]]
  [1m[35m (0.3ms)[0m  [1m[35mBEGIN[0m
  [1m[36mUser Create (49.9ms)[0m  [1m[32mINSERT INTO "users" ("username", "email", "password_digest", "created_at", "updated_at") VALUES ($1, $2, $3, $4, $5) RETURNING "id"[0m  [["username", "Jason"], ["email", "test"], ["password_digest", "123"], ["created_at", "2020-01-17 02:48:53.612882"], ["updated_at", "2020-01-17 02:48:53.612882"]]
  [1m[35m (8.9ms)[0m  [1m[35mCOMMIT[0m
  [1m[36mUser Load (0.8ms)[0m  [1m[34mSELECT "users".* FROM "users" WHERE "users"."id" = $1 LIMIT $2[0m  [["id", 1], ["LIMIT", 1]]
Started GET "/" for ::1 at 2020-01-16 21:49:42 -0500
  [1m[35m (22.2ms)[0m  [1m[34mSELECT "schema_migrations"."version" FROM "schema_migrations" ORDER BY "schema_migrations"."version" ASC[0m
Processing by Rails::WelcomeController#index as HTML
  Rendering /home/jason/.rbenv/versions/2.6.1/lib/ruby/gems/2.6.0/gems/railties-6.0.2.1/lib/rails/templates/rails/welcome/index.html.erb
  Rendered /home/jason/.rbenv/versions/2.6.1/lib/ruby/gems/2.6.0/gems/railties-6.0.2.1/lib/rails/templates/rails/welcome/index.html.erb (Duration: 37.4ms | Allocations: 486)
Completed 200 OK in 194ms (Views: 126.3ms | ActiveRecord: 0.0ms | Allocations: 2681)


Started GET "/favicon.ico" for ::1 at 2020-01-16 21:49:42 -0500
  
ActionController::RoutingError (No route matches [GET] "/favicon.ico"):
  
actionpack (6.0.2.1) lib/action_dispatch/middleware/debug_exceptions.rb:36:in `call'
actionpack (6.0.2.1) lib/action_dispatch/middleware/show_exceptions.rb:33:in `call'
railties (6.0.2.1) lib/rails/rack/logger.rb:38:in `call_app'
railties (6.0.2.1) lib/rails/rack/logger.rb:26:in `block in call'
activesupport (6.0.2.1) lib/active_support/tagged_logging.rb:80:in `block in tagged'
activesupport (6.0.2.1) lib/active_support/tagged_logging.rb:28:in `tagged'
activesupport (6.0.2.1) lib/active_support/tagged_logging.rb:80:in `tagged'
railties (6.0.2.1) lib/rails/rack/logger.rb:26:in `call'
actionpack (6.0.2.1) lib/action_dispatch/middleware/remote_ip.rb:81:in `call'
actionpack (6.0.2.1) lib/action_dispatch/middleware/request_id.rb:27:in `call'
rack (2.1.1) lib/rack/runtime.rb:24:in `call'
activesupport (6.0.2.1) lib/active_support/cache/strategy/local_cache_middleware.rb:29:in `call'
actionpack (6.0.2.1) lib/action_dispatch/middleware/executor.rb:14:in `call'
actionpack (6.0.2.1) lib/action_dispatch/middleware/static.rb:126:in `call'
rack (2.1.1) lib/rack/sendfile.rb:113:in `call'
actionpack (6.0.2.1) lib/action_dispatch/middleware/host_authorization.rb:83:in `call'
rack-cors (1.1.1) lib/rack/cors.rb:100:in `call'
railties (6.0.2.1) lib/rails/engine.rb:526:in `call'
puma (4.3.1) lib/puma/configuration.rb:228:in `call'
puma (4.3.1) lib/puma/server.rb:681:in `handle_request'
puma (4.3.1) lib/puma/server.rb:472:in `process_client'
puma (4.3.1) lib/puma/server.rb:328:in `block in run'
puma (4.3.1) lib/puma/thread_pool.rb:134:in `block in spawn_thread'
Started GET "/user/1" for ::1 at 2020-01-16 21:49:58 -0500
  
ActionController::RoutingError (No route matches [GET] "/user/1"):
  
actionpack (6.0.2.1) lib/action_dispatch/middleware/debug_exceptions.rb:36:in `call'
actionpack (6.0.2.1) lib/action_dispatch/middleware/show_exceptions.rb:33:in `call'
railties (6.0.2.1) lib/rails/rack/logger.rb:38:in `call_app'
railties (6.0.2.1) lib/rails/rack/logger.rb:26:in `block in call'
activesupport (6.0.2.1) lib/active_support/tagged_logging.rb:80:in `block in tagged'
activesupport (6.0.2.1) lib/active_support/tagged_logging.rb:28:in `tagged'
activesupport (6.0.2.1) lib/active_support/tagged_logging.rb:80:in `tagged'
railties (6.0.2.1) lib/rails/rack/logger.rb:26:in `call'
actionpack (6.0.2.1) lib/action_dispatch/middleware/remote_ip.rb:81:in `call'
actionpack (6.0.2.1) lib/action_dispatch/middleware/request_id.rb:27:in `call'
rack (2.1.1) lib/rack/runtime.rb:24:in `call'
activesupport (6.0.2.1) lib/active_support/cache/strategy/local_cache_middleware.rb:29:in `call'
actionpack (6.0.2.1) lib/action_dispatch/middleware/executor.rb:14:in `call'
actionpack (6.0.2.1) lib/action_dispatch/middleware/static.rb:126:in `call'
rack (2.1.1) lib/rack/sendfile.rb:113:in `call'
actionpack (6.0.2.1) lib/action_dispatch/middleware/host_authorization.rb:83:in `call'
rack-cors (1.1.1) lib/rack/cors.rb:100:in `call'
railties (6.0.2.1) lib/rails/engine.rb:526:in `call'
puma (4.3.1) lib/puma/configuration.rb:228:in `call'
puma (4.3.1) lib/puma/server.rb:681:in `handle_request'
puma (4.3.1) lib/puma/server.rb:472:in `process_client'
puma (4.3.1) lib/puma/server.rb:328:in `block in run'
puma (4.3.1) lib/puma/thread_pool.rb:134:in `block in spawn_thread'
Started GET "/users/1" for ::1 at 2020-01-16 21:50:49 -0500
  
SyntaxError (/home/jason/learning-dev/learn-co/javascript/goals-app/goals-app-api/app/controllers/users_controller.rb:14: syntax error, unexpected tLABEL
				render json: error: user.errors.full_messages, s...
				             ^~~~~~
/home/jason/learning-dev/learn-co/javascript/goals-app/goals-app-api/app/controllers/users_controller.rb:14: syntax error, unexpected tLABEL, expecting '='
...r.errors.full_messages, status: 400
...                        ^~~~~~~):
  
app/controllers/users_controller.rb:14: syntax error, unexpected tLABEL
app/controllers/users_controller.rb:14: syntax error, unexpected tLABEL, expecting '='
app/controllers/users_controller.rb:14: syntax error, unexpected tLABEL
app/controllers/users_controller.rb:14: syntax error, unexpected tLABEL, expecting '='
Started GET "/users/1" for ::1 at 2020-01-16 21:51:26 -0500
Processing by UsersController#show as HTML
  Parameters: {"id"=>"1"}
  [1m[36mUser Load (0.7ms)[0m  [1m[34mSELECT "users".* FROM "users" WHERE "users"."id" = $1 LIMIT $2[0m  [["id", 1], ["LIMIT", 1]]
  ↳ app/controllers/users_controller.rb:34:in `set_user'
Completed 500 Internal Server Error in 154ms (ActiveRecord: 7.1ms | Allocations: 75745)


  
NameError (undefined local variable or method `user' for #<UsersController:0x0000558649b34b18>
Did you mean?  super):
  
app/controllers/users_controller.rb:19:in `show'
Started GET "/users/1" for ::1 at 2020-01-16 21:52:02 -0500
Processing by UsersController#show as HTML
  Parameters: {"id"=>"1"}
  [1m[36mUser Load (0.3ms)[0m  [1m[34mSELECT "users".* FROM "users" WHERE "users"."id" = $1 LIMIT $2[0m  [["id", 1], ["LIMIT", 1]]
  ↳ app/controllers/users_controller.rb:34:in `set_user'
Completed 200 OK in 23ms (Views: 0.1ms | ActiveRecord: 6.0ms | Allocations: 4818)


Started GET "/users/1" for ::1 at 2020-01-16 21:52:26 -0500
Processing by UsersController#show as HTML
  Parameters: {"id"=>"1"}
  [1m[36mUser Load (0.4ms)[0m  [1m[34mSELECT "users".* FROM "users" WHERE "users"."id" = $1 LIMIT $2[0m  [["id", 1], ["LIMIT", 1]]
  ↳ app/controllers/users_controller.rb:35:in `set_user'
  [1m[36mUser Load (1.0ms)[0m  [1m[34mSELECT "users".* FROM "users" WHERE "users"."id" = $1 LIMIT $2[0m  [["id", 1], ["LIMIT", 1]]
  ↳ (pry):5:in `show'
Completed 200 OK in 233880ms (Views: 0.3ms | ActiveRecord: 6.6ms | Allocations: 115462)


Started GET "/users/1" for ::1 at 2020-01-16 21:56:23 -0500
Processing by UsersController#show as HTML
  Parameters: {"id"=>"1"}
  [1m[36mUser Load (0.4ms)[0m  [1m[34mSELECT "users".* FROM "users" WHERE "users"."id" = $1 LIMIT $2[0m  [["id", 1], ["LIMIT", 1]]
  ↳ app/controllers/users_controller.rb:34:in `set_user'
Completed 200 OK in 81868ms (Views: 0.8ms | ActiveRecord: 5.4ms | Allocations: 15602)


Started GET "/users/1" for ::1 at 2020-01-16 22:00:49 -0500
Processing by UsersController#show as HTML
  Parameters: {"id"=>"1"}
  [1m[36mUser Load (0.5ms)[0m  [1m[34mSELECT "users".* FROM "users" WHERE "users"."id" = $1 LIMIT $2[0m  [["id", 1], ["LIMIT", 1]]
  ↳ app/controllers/users_controller.rb:35:in `set_user'
Completed 200 OK in 15ms (Views: 0.4ms | ActiveRecord: 5.4ms | Allocations: 4849)


Started GET "/users/1" for ::1 at 2020-01-16 22:01:36 -0500
Processing by UsersController#show as HTML
  Parameters: {"id"=>"1"}
  [1m[36mUser Load (0.5ms)[0m  [1m[34mSELECT "users".* FROM "users" WHERE "users"."id" = $1 LIMIT $2[0m  [["id", 1], ["LIMIT", 1]]
  ↳ app/controllers/users_controller.rb:36:in `set_user'
Completed 200 OK in 16ms (Views: 0.5ms | ActiveRecord: 6.0ms | Allocations: 4910)


Started GET "/users/1" for ::1 at 2020-01-16 22:01:39 -0500
Processing by UsersController#show as HTML
  Parameters: {"id"=>"1"}
  [1m[36mUser Load (0.5ms)[0m  [1m[34mSELECT "users".* FROM "users" WHERE "users"."id" = $1 LIMIT $2[0m  [["id", 1], ["LIMIT", 1]]
  ↳ app/controllers/users_controller.rb:36:in `set_user'
Completed 200 OK in 4ms (Views: 0.6ms | ActiveRecord: 0.5ms | Allocations: 740)


Started GET "/users/1" for ::1 at 2020-01-16 22:01:49 -0500
Processing by UsersController#show as HTML
  Parameters: {"id"=>"1"}
  [1m[36mUser Load (0.3ms)[0m  [1m[34mSELECT "users".* FROM "users" WHERE "users"."id" = $1 LIMIT $2[0m  [["id", 1], ["LIMIT", 1]]
  ↳ app/controllers/users_controller.rb:36:in `set_user'
Completed 500 Internal Server Error in 18ms (Views: 0.4ms | ActiveRecord: 5.7ms | Allocations: 6384)


  
NoMethodError (undefined method `status' for #<User:0x00007f31353d6a18>):
  
app/controllers/users_controller.rb:20:in `show'
Started GET "/users/1" for ::1 at 2020-01-16 22:02:03 -0500
Processing by UsersController#show as HTML
  Parameters: {"id"=>"1"}
  [1m[36mUser Load (0.3ms)[0m  [1m[34mSELECT "users".* FROM "users" WHERE "users"."id" = $1 LIMIT $2[0m  [["id", 1], ["LIMIT", 1]]
  ↳ app/controllers/users_controller.rb:37:in `set_user'
Completed 200 OK in 21197ms (Views: 0.5ms | ActiveRecord: 5.7ms | Allocations: 12733)


Started GET "/users/1" for ::1 at 2020-01-16 22:02:42 -0500
Processing by UsersController#show as HTML
  Parameters: {"id"=>"1"}
  [1m[36mUser Load (0.4ms)[0m  [1m[34mSELECT "users".* FROM "users" WHERE "users"."id" = $1 LIMIT $2[0m  [["id", 1], ["LIMIT", 1]]
  ↳ app/controllers/users_controller.rb:37:in `set_user'
Completed 200 OK in 18ms (Views: 0.4ms | ActiveRecord: 5.7ms | Allocations: 4885)


Started GET "/users/1" for ::1 at 2020-01-16 22:05:08 -0500
Processing by UsersController#show as HTML
  Parameters: {"id"=>"1"}
  [1m[36mUser Load (0.3ms)[0m  [1m[34mSELECT "users".* FROM "users" WHERE "users"."id" = $1 LIMIT $2[0m  [["id", 1], ["LIMIT", 1]]
  ↳ app/controllers/users_controller.rb:36:in `set_user'
Completed 200 OK in 22ms (Views: 0.4ms | ActiveRecord: 5.1ms | Allocations: 4887)


Started GET "/users/1" for ::1 at 2020-01-16 22:05:23 -0500
Processing by UsersController#show as HTML
  Parameters: {"id"=>"1"}
  [1m[36mUser Load (0.4ms)[0m  [1m[34mSELECT "users".* FROM "users" WHERE "users"."id" = $1 LIMIT $2[0m  [["id", 1], ["LIMIT", 1]]
  ↳ app/controllers/users_controller.rb:36:in `set_user'
Completed 400 Bad Request in 16ms (Views: 0.4ms | ActiveRecord: 5.6ms | Allocations: 4856)


